<?xml version="1.0" encoding="UTF-8"?>
<!-- Generated by org.testng.reporters.JUnitXMLReporter -->
<testsuite hostname="LAPTOP-L45CF4AI" ignored="6" name="Test" tests="2" failures="2" timestamp="09 May 2018 11:46:54 GMT" time="0.08" errors="0">
  <testcase name="VerifyOrderasPDF" time="0.018" classname="Guru99.Guru99.PDF_orders">
    <failure type="java.lang.NullPointerException">
      <![CDATA[java.lang.NullPointerExceptionat PageObject.Locators.orderPdf(Locators.java:347)at Guru99.Guru99.PDF_orders.VerifyOrderasPDF(PDF_orders.java:30)... Removed 25 stack frames]]>
    </failure>
  </testcase> <!-- VerifyOrderasPDF -->
  <testcase name="VerifyAccount" time="0.003" classname="Guru99.Guru99.Account_Creation">
    <failure type="java.lang.NullPointerException">
      <![CDATA[java.lang.NullPointerExceptionat PageObject.Locators.Purchaseproducts(Locators.java:311)at Guru99.Guru99.Account_Creation.VerifyAccount(Account_Creation.java:27)... Removed 25 stack frames]]>
    </failure>
  </testcase> <!-- VerifyAccount -->
  <testcase name="VerifyReorder" time="0.0" classname="Guru99.Guru99.Reorder">
    <ignored/>
  </testcase> <!-- VerifyReorder -->
  <testcase name="VerifyCompare" time="0.0" classname="Guru99.Guru99.HandlingPop">
    <ignored/>
  </testcase> <!-- VerifyCompare -->
  <testcase name="VerifyCartPage" time="0.0" classname="Guru99.Guru99.Cart">
    <ignored/>
  </testcase> <!-- VerifyCartPage -->
  <testcase name="VerifyProductListing" time="0.0" classname="Guru99.Guru99.Product_Listing">
    <ignored/>
  </testcase> <!-- VerifyProductListing -->
  <testcase name="VerifyMobileSorting" time="0.0" classname="Guru99.Guru99.Guru">
    <ignored/>
  </testcase> <!-- VerifyMobileSorting -->
  <testcase name="VerifyProductOrder" time="0.0" classname="Guru99.Guru99.Product_order">
    <ignored/>
  </testcase> <!-- VerifyProductOrder -->
</testsuite> <!-- Test -->
