<?xml version="1.0" encoding="UTF-8"?>
<!-- Generated by org.testng.reporters.JUnitXMLReporter -->
<testsuite hostname="LAPTOP-L45CF4AI" ignored="0" name="Test" tests="4" failures="0" timestamp="14 Mar 2018 10:24:34 GMT" time="34.431" errors="0">
  <testcase name="VerifyMobileSorting" time="6.254" classname="Guru99.Guru99.Guru"/>
  <testcase name="VerifyProductListing" time="2.985" classname="Guru99.Guru99.Product_Listing"/>
  <testcase name="VerifyCartPage" time="6.195" classname="Guru99.Guru99.Cart"/>
  <testcase name="VerifyCompare" time="2.48" classname="Guru99.Guru99.HandlingPop"/>
</testsuite> <!-- Test -->
