<?xml version="1.0" encoding="UTF-8"?>
<testng-results skipped="0" failed="0" ignored="0" total="1" passed="1">
  <reporter-output>
  </reporter-output>
  <suite name="Default suite" duration-ms="29021" started-at="2018-04-02T13:03:33Z" finished-at="2018-04-02T13:04:02Z">
    <groups>
    </groups>
    <test name="Default test" duration-ms="29021" started-at="2018-04-02T13:03:33Z" finished-at="2018-04-02T13:04:02Z">
      <class name="Guru99.Guru99.Product_Listing">
        <test-method status="PASS" signature="beforeTest()[pri:0, instance:Guru99.Guru99.Product_Listing@4566e5bd]" name="beforeTest" is-config="true" duration-ms="19191" started-at="2018-04-02T18:33:33Z" finished-at="2018-04-02T18:33:52Z">
          <reporter-output>
          </reporter-output>
        </test-method> <!-- beforeTest -->
        <test-method status="PASS" signature="VerifyProductListing()[pri:0, instance:Guru99.Guru99.Product_Listing@4566e5bd]" name="VerifyProductListing" duration-ms="8080" started-at="2018-04-02T18:33:52Z" description="This Test Case is to Verify compare Mobile price" finished-at="2018-04-02T18:34:00Z">
          <reporter-output>
          </reporter-output>
        </test-method> <!-- VerifyProductListing -->
        <test-method status="PASS" signature="afterTest()[pri:0, instance:Guru99.Guru99.Product_Listing@4566e5bd]" name="afterTest" is-config="true" duration-ms="1719" started-at="2018-04-02T18:34:00Z" finished-at="2018-04-02T18:34:02Z">
          <reporter-output>
          </reporter-output>
        </test-method> <!-- afterTest -->
      </class> <!-- Guru99.Guru99.Product_Listing -->
    </test> <!-- Default test -->
  </suite> <!-- Default suite -->
</testng-results>
